# JRE version: 7.0_25-b17
# Java VM: Java HotSpot(TM) Client VM (23.25-b01 mixed mode, sharing windows-x86 )
Heap
 def new generation   total 44864K, used 38831K [0x242b0000, 0x27350000, 0x29800000)
  eden space 39936K,  97% used [0x242b0000, 0x2689bdf8, 0x269b0000)
  from space 4928K,   0% used [0x269b0000, 0x269b0000, 0x26e80000)
  to   space 4928K,   0% used [0x26e80000, 0x26e80000, 0x27350000)
 tenured generation   total 99484K, used 59689K [0x29800000, 0x2f927000, 0x342b0000)
   the space 99484K,  59% used [0x29800000, 0x2d24a558, 0x2d24a600, 0x2f927000)
 compacting perm gen  total 12288K, used 8300K [0x342b0000, 0x34eb0000, 0x382b0000)
   the space 12288K,  67% used [0x342b0000, 0x34acb008, 0x34acb200, 0x34eb0000)
    ro space 10240K,  45% used [0x382b0000, 0x38739b28, 0x38739c00, 0x38cb0000)
    rw space 12288K,  54% used [0x38cb0000, 0x3933d0e8, 0x3933d200, 0x398b0000)
GC Heap History (10 events):
Event: 5.075 GC heap before
{Heap before GC invocations=12 (full 2):
 def new generation   total 15296K, used 14236K [0x242b0000, 0x25340000, 0x29800000)
  eden space 13632K, 100% used [0x242b0000, 0x25000000, 0x25000000)
  from space 1664K,  36% used [0x25000000, 0x250970c0, 0x251a0000)
  to   space 1664K,   0% used [0x251a0000, 0x251a0000, 0x25340000)
 tenured generation   total 33788K, used 32396K [0x29800000, 0x2b8ff000, 0x342b0000)
   the space 33788K,  95% used [0x29800000, 0x2b7a30d8, 0x2b7a3200, 0x2b8ff000)
 compacting perm gen  total 12288K, used 6367K [0x342b0000, 0x34eb0000, 0x382b0000)
   the space 12288K,  51% used [0x342b0000, 0x348e7ec8, 0x348e8000, 0x34eb0000)
    ro space 10240K,  45% used [0x382b0000, 0x38739b28, 0x38739c00, 0x38cb0000)
    rw space 12288K,  54% used [0x38cb0000, 0x3933d0e8, 0x3933d200, 0x398b0000)
Event: 5.077 GC heap after
Heap after GC invocations=13 (full 2):
 def new generation   total 15296K, used 1461K [0x242b0000, 0x25340000, 0x29800000)
  eden space 13632K,   0% used [0x242b0000, 0x242b0000, 0x25000000)
  from space 1664K,  87% used [0x251a0000, 0x2530d630, 0x25340000)
  to   space 1664K,   0% used [0x25000000, 0x25000000, 0x251a0000)
 tenured generation   total 33788K, used 32396K [0x29800000, 0x2b8ff000, 0x342b0000)
   the space 33788K,  95% used [0x29800000, 0x2b7a30d8, 0x2b7a3200, 0x2b8ff000)
 compacting perm gen  total 12288K, used 6367K [0x342b0000, 0x34eb0000, 0x382b0000)
   the space 12288K,  51% used [0x342b0000, 0x348e7ec8, 0x348e8000, 0x34eb0000)
    ro space 10240K,  45% used [0x382b0000, 0x38739b28, 0x38739c00, 0x38cb0000)
    rw space 12288K,  54% used [0x38cb0000, 0x3933d0e8, 0x3933d200, 0x398b0000)
}
Event: 5.097 GC heap before
{Heap before GC invocations=13 (full 2):
 def new generation   total 15296K, used 15093K [0x242b0000, 0x25340000, 0x29800000)
  eden space 13632K, 100% used [0x242b0000, 0x25000000, 0x25000000)
  from space 1664K,  87% used [0x251a0000, 0x2530d630, 0x25340000)
  to   space 1664K,   0% used [0x25000000, 0x25000000, 0x251a0000)
 tenured generation   total 33788K, used 32396K [0x29800000, 0x2b8ff000, 0x342b0000)
   the space 33788K,  95% used [0x29800000, 0x2b7a30d8, 0x2b7a3200, 0x2b8ff000)
 compacting perm gen  total 12288K, used 6435K [0x342b0000, 0x34eb0000, 0x382b0000)
   the space 12288K,  52% used [0x342b0000, 0x348f8c08, 0x348f8e00, 0x34eb0000)
    ro space 10240K,  45% used [0x382b0000, 0x38739b28, 0x38739c00, 0x38cb0000)
    rw space 12288K,  54% used [0x38cb0000, 0x3933d0e8, 0x3933d200, 0x398b0000)
Event: 5.124 GC heap after
Heap after GC invocations=14 (full 3):
 def new generation   total 26816K, used 0K [0x242b0000, 0x25fc0000, 0x29800000)
  eden space 23872K,   0% used [0x242b0000, 0x242b0000, 0x25a00000)
  from space 2944K,   0% used [0x25a00000, 0x25a00000, 0x25ce0000)
  to   space 2944K,   0% used [0x25ce0000, 0x25ce0000, 0x25fc0000)
 tenured generation   total 59340K, used 35601K [0x29800000, 0x2d1f3000, 0x342b0000)
   the space 59340K,  59% used [0x29800000, 0x2bac4720, 0x2bac4800, 0x2d1f3000)
 compacting perm gen  total 12288K, used 6435K [0x342b0000, 0x34eb0000, 0x382b0000)
   the space 12288K,  52% used [0x342b0000, 0x348f8c08, 0x348f8e00, 0x34eb0000)
    ro space 10240K,  45% used [0x382b0000, 0x38739b28, 0x38739c00, 0x38cb0000)
    rw space 12288K,  54% used [0x38cb0000, 0x3933d0e8, 0x3933d200, 0x398b0000)
}
Event: 5.167 GC heap before
{Heap before GC invocations=14 (full 3):
 def new generation   total 26816K, used 23872K [0x242b0000, 0x25fc0000, 0x29800000)
  eden space 23872K, 100% used [0x242b0000, 0x25a00000, 0x25a00000)
  from space 2944K,   0% used [0x25a00000, 0x25a00000, 0x25ce0000)
  to   space 2944K,   0% used [0x25ce0000, 0x25ce0000, 0x25fc0000)
 tenured generation   total 59340K, used 35601K [0x29800000, 0x2d1f3000, 0x342b0000)
   the space 59340K,  59% used [0x29800000, 0x2bac4720, 0x2bac4800, 0x2d1f3000)
 compacting perm gen  total 12288K, used 6491K [0x342b0000, 0x34eb0000, 0x382b0000)
   the space 12288K,  52% used [0x342b0000, 0x34906f48, 0x34907000, 0x34eb0000)
    ro space 10240K,  45% used [0x382b0000, 0x38739b28, 0x38739c00, 0x38cb0000)
    rw space 12288K,  54% used [0x38cb0000, 0x3933d0e8, 0x3933d200, 0x398b0000)
Event: 5.171 GC heap after
Heap after GC invocations=15 (full 3):
 def new generation   total 26816K, used 2944K [0x242b0000, 0x25fc0000, 0x29800000)
  eden space 23872K,   0% used [0x242b0000, 0x242b0000, 0x25a00000)
  from space 2944K, 100% used [0x25ce0000, 0x25fc0000, 0x25fc0000)
  to   space 2944K,   0% used [0x25a00000, 0x25a00000, 0x25ce0000)
 tenured generation   total 59340K, used 43142K [0x29800000, 0x2d1f3000, 0x342b0000)
   the space 59340K,  72% used [0x29800000, 0x2c2219a0, 0x2c221a00, 0x2d1f3000)
 compacting perm gen  total 12288K, used 6491K [0x342b0000, 0x34eb0000, 0x382b0000)
   the space 12288K,  52% used [0x342b0000, 0x34906f48, 0x34907000, 0x34eb0000)
    ro space 10240K,  45% used [0x382b0000, 0x38739b28, 0x38739c00, 0x38cb0000)
    rw space 12288K,  54% used [0x38cb0000, 0x3933d0e8, 0x3933d200, 0x398b0000)
}
Event: 5.250 GC heap before
{Heap before GC invocations=15 (full 3):
 def new generation   total 26816K, used 26816K [0x242b0000, 0x25fc0000, 0x29800000)
  eden space 23872K, 100% used [0x242b0000, 0x25a00000, 0x25a00000)
  from space 2944K, 100% used [0x25ce0000, 0x25fc0000, 0x25fc0000)
  to   space 2944K,   0% used [0x25a00000, 0x25a00000, 0x25ce0000)
 tenured generation   total 59340K, used 43142K [0x29800000, 0x2d1f3000, 0x342b0000)
   the space 59340K,  72% used [0x29800000, 0x2c2219a0, 0x2c221a00, 0x2d1f3000)
 compacting perm gen  total 12288K, used 7225K [0x342b0000, 0x34eb0000, 0x382b0000)
   the space 12288K,  58% used [0x342b0000, 0x349be4e0, 0x349be600, 0x34eb0000)
    ro space 10240K,  45% used [0x382b0000, 0x38739b28, 0x38739c00, 0x38cb0000)
    rw space 12288K,  54% used [0x38cb0000, 0x3933d0e8, 0x3933d200, 0x398b0000)
Event: 5.256 GC heap after
Heap after GC invocations=16 (full 3):
 def new generation   total 26816K, used 2944K [0x242b0000, 0x25fc0000, 0x29800000)
  eden space 23872K,   0% used [0x242b0000, 0x242b0000, 0x25a00000)
  from space 2944K, 100% used [0x25a00000, 0x25ce0000, 0x25ce0000)
  to   space 2944K,   0% used [0x25ce0000, 0x25ce0000, 0x25fc0000)
 tenured generation   total 59340K, used 52898K [0x29800000, 0x2d1f3000, 0x342b0000)
   the space 59340K,  89% used [0x29800000, 0x2cba88a0, 0x2cba8a00, 0x2d1f3000)
 compacting perm gen  total 12288K, used 7225K [0x342b0000, 0x34eb0000, 0x382b0000)
   the space 12288K,  58% used [0x342b0000, 0x349be4e0, 0x349be600, 0x34eb0000)
    ro space 10240K,  45% used [0x382b0000, 0x38739b28, 0x38739c00, 0x38cb0000)
    rw space 12288K,  54% used [0x38cb0000, 0x3933d0e8, 0x3933d200, 0x398b0000)
}
Event: 5.953 GC heap before
{Heap before GC invocations=16 (full 3):
 def new generation   total 26816K, used 26699K [0x242b0000, 0x25fc0000, 0x29800000)
  eden space 23872K,  99% used [0x242b0000, 0x259e2e70, 0x25a00000)
  from space 2944K, 100% used [0x25a00000, 0x25ce0000, 0x25ce0000)
  to   space 2944K,   0% used [0x25ce0000, 0x25ce0000, 0x25fc0000)
 tenured generation   total 59340K, used 52898K [0x29800000, 0x2d1f3000, 0x342b0000)
   the space 59340K,  89% used [0x29800000, 0x2cba88a0, 0x2cba8a00, 0x2d1f3000)
 compacting perm gen  total 12288K, used 7846K [0x342b0000, 0x34eb0000, 0x382b0000)
   the space 12288K,  63% used [0x342b0000, 0x34a59938, 0x34a59a00, 0x34eb0000)
    ro space 10240K,  45% used [0x382b0000, 0x38739b28, 0x38739c00, 0x38cb0000)
    rw space 12288K,  54% used [0x38cb0000, 0x3933d0e8, 0x3933d200, 0x398b0000)
Event: 5.998 GC heap after
Heap after GC invocations=17 (full 4):
 def new generation   total 44864K, used 1364K [0x242b0000, 0x27350000, 0x29800000)
  eden space 39936K,   3% used [0x242b0000, 0x24405168, 0x269b0000)
  from space 4928K,   0% used [0x269b0000, 0x269b0000, 0x26e80000)
  to   space 4928K,   0% used [0x26e80000, 0x26e80000, 0x27350000)
 tenured generation   total 99484K, used 59689K [0x29800000, 0x2f927000, 0x342b0000)
   the space 99484K,  59% used [0x29800000, 0x2d24a558, 0x2d24a600, 0x2f927000)
 compacting perm gen  total 12288K, used 7842K [0x342b0000, 0x34eb0000, 0x382b0000)
   the space 12288K,  63% used [0x342b0000, 0x34a58af0, 0x34a58c00, 0x34eb0000)
    ro space 10240K,  45% used [0x382b0000, 0x38739b28, 0x38739c00, 0x38cb0000)
    rw space 12288K,  54% used [0x38cb0000, 0x3933d0e8, 0x3933d200, 0x398b0000)
}

