# JRE version: 7.0_25-b17
# Java VM: Java HotSpot(TM) Client VM (23.25-b01 mixed mode, sharing windows-x86 )
Heap
 def new generation   total 51712K, used 8058K [0x242b0000, 0x27ac0000, 0x29800000)
  eden space 46016K,  17% used [0x242b0000, 0x24a8ea50, 0x26fa0000)
  from space 5696K,   0% used [0x26fa0000, 0x26fa0000, 0x27530000)
  to   space 5696K,   0% used [0x27530000, 0x27530000, 0x27ac0000)
 tenured generation   total 114640K, used 68781K [0x29800000, 0x307f4000, 0x342b0000)
   the space 114640K,  59% used [0x29800000, 0x2db2b700, 0x2db2b800, 0x307f4000)
 compacting perm gen  total 12288K, used 8297K [0x342b0000, 0x34eb0000, 0x382b0000)
   the space 12288K,  67% used [0x342b0000, 0x34aca5a8, 0x34aca600, 0x34eb0000)
    ro space 10240K,  45% used [0x382b0000, 0x38739b28, 0x38739c00, 0x38cb0000)
    rw space 12288K,  54% used [0x38cb0000, 0x3933d0e8, 0x3933d200, 0x398b0000)
GC Heap History (10 events):
Event: 3.462 GC heap before
{Heap before GC invocations=13 (full 2):
 def new generation   total 15232K, used 14950K [0x242b0000, 0x25330000, 0x29800000)
  eden space 13568K, 100% used [0x242b0000, 0x24ff0000, 0x24ff0000)
  from space 1664K,  83% used [0x25190000, 0x252e9a10, 0x25330000)
  to   space 1664K,   0% used [0x24ff0000, 0x24ff0000, 0x25190000)
 tenured generation   total 33732K, used 32408K [0x29800000, 0x2b8f1000, 0x342b0000)
   the space 33732K,  96% used [0x29800000, 0x2b7a6058, 0x2b7a6200, 0x2b8f1000)
 compacting perm gen  total 12288K, used 6434K [0x342b0000, 0x34eb0000, 0x382b0000)
   the space 12288K,  52% used [0x342b0000, 0x348f89f8, 0x348f8a00, 0x34eb0000)
    ro space 10240K,  45% used [0x382b0000, 0x38739b28, 0x38739c00, 0x38cb0000)
    rw space 12288K,  54% used [0x38cb0000, 0x3933d0e8, 0x3933d200, 0x398b0000)
Event: 3.488 GC heap after
Heap after GC invocations=14 (full 3):
 def new generation   total 27520K, used 0K [0x242b0000, 0x26080000, 0x29800000)
  eden space 24512K,   0% used [0x242b0000, 0x242b0000, 0x25aa0000)
  from space 3008K,   0% used [0x25aa0000, 0x25aa0000, 0x25d90000)
  to   space 3008K,   0% used [0x25d90000, 0x25d90000, 0x26080000)
 tenured generation   total 60980K, used 36587K [0x29800000, 0x2d38d000, 0x342b0000)
   the space 60980K,  59% used [0x29800000, 0x2bbbacf0, 0x2bbbae00, 0x2d38d000)
 compacting perm gen  total 12288K, used 6434K [0x342b0000, 0x34eb0000, 0x382b0000)
   the space 12288K,  52% used [0x342b0000, 0x348f89f8, 0x348f8a00, 0x34eb0000)
    ro space 10240K,  45% used [0x382b0000, 0x38739b28, 0x38739c00, 0x38cb0000)
    rw space 12288K,  54% used [0x38cb0000, 0x3933d0e8, 0x3933d200, 0x398b0000)
}
Event: 3.537 GC heap before
{Heap before GC invocations=14 (full 3):
 def new generation   total 27520K, used 24476K [0x242b0000, 0x26080000, 0x29800000)
  eden space 24512K,  99% used [0x242b0000, 0x25a971f0, 0x25aa0000)
  from space 3008K,   0% used [0x25aa0000, 0x25aa0000, 0x25d90000)
  to   space 3008K,   0% used [0x25d90000, 0x25d90000, 0x26080000)
 tenured generation   total 60980K, used 36587K [0x29800000, 0x2d38d000, 0x342b0000)
   the space 60980K,  59% used [0x29800000, 0x2bbbacf0, 0x2bbbae00, 0x2d38d000)
 compacting perm gen  total 12288K, used 6499K [0x342b0000, 0x34eb0000, 0x382b0000)
   the space 12288K,  52% used [0x342b0000, 0x34908d78, 0x34908e00, 0x34eb0000)
    ro space 10240K,  45% used [0x382b0000, 0x38739b28, 0x38739c00, 0x38cb0000)
    rw space 12288K,  54% used [0x38cb0000, 0x3933d0e8, 0x3933d200, 0x398b0000)
Event: 3.540 GC heap after
Heap after GC invocations=15 (full 3):
 def new generation   total 27520K, used 2968K [0x242b0000, 0x26080000, 0x29800000)
  eden space 24512K,   0% used [0x242b0000, 0x242b0000, 0x25aa0000)
  from space 3008K,  98% used [0x25d90000, 0x260762a8, 0x26080000)
  to   space 3008K,   0% used [0x25aa0000, 0x25aa0000, 0x25d90000)
 tenured generation   total 60980K, used 43367K [0x29800000, 0x2d38d000, 0x342b0000)
   the space 60980K,  71% used [0x29800000, 0x2c259f90, 0x2c25a000, 0x2d38d000)
 compacting perm gen  total 12288K, used 6499K [0x342b0000, 0x34eb0000, 0x382b0000)
   the space 12288K,  52% used [0x342b0000, 0x34908d78, 0x34908e00, 0x34eb0000)
    ro space 10240K,  45% used [0x382b0000, 0x38739b28, 0x38739c00, 0x38cb0000)
    rw space 12288K,  54% used [0x38cb0000, 0x3933d0e8, 0x3933d200, 0x398b0000)
}
Event: 3.849 GC heap before
{Heap before GC invocations=15 (full 3):
 def new generation   total 27520K, used 27480K [0x242b0000, 0x26080000, 0x29800000)
  eden space 24512K, 100% used [0x242b0000, 0x25aa0000, 0x25aa0000)
  from space 3008K,  98% used [0x25d90000, 0x260762a8, 0x26080000)
  to   space 3008K,   0% used [0x25aa0000, 0x25aa0000, 0x25d90000)
 tenured generation   total 60980K, used 43367K [0x29800000, 0x2d38d000, 0x342b0000)
   the space 60980K,  71% used [0x29800000, 0x2c259f90, 0x2c25a000, 0x2d38d000)
 compacting perm gen  total 12288K, used 7298K [0x342b0000, 0x34eb0000, 0x382b0000)
   the space 12288K,  59% used [0x342b0000, 0x349d0890, 0x349d0a00, 0x34eb0000)
    ro space 10240K,  45% used [0x382b0000, 0x38739b28, 0x38739c00, 0x38cb0000)
    rw space 12288K,  54% used [0x38cb0000, 0x3933d0e8, 0x3933d200, 0x398b0000)
Event: 3.855 GC heap after
Heap after GC invocations=16 (full 3):
 def new generation   total 27520K, used 3008K [0x242b0000, 0x26080000, 0x29800000)
  eden space 24512K,   0% used [0x242b0000, 0x242b0000, 0x25aa0000)
  from space 3008K, 100% used [0x25aa0000, 0x25d90000, 0x25d90000)
  to   space 3008K,   0% used [0x25d90000, 0x25d90000, 0x26080000)
 tenured generation   total 60980K, used 53606K [0x29800000, 0x2d38d000, 0x342b0000)
   the space 60980K,  87% used [0x29800000, 0x2cc59bf0, 0x2cc59c00, 0x2d38d000)
 compacting perm gen  total 12288K, used 7298K [0x342b0000, 0x34eb0000, 0x382b0000)
   the space 12288K,  59% used [0x342b0000, 0x349d0890, 0x349d0a00, 0x34eb0000)
    ro space 10240K,  45% used [0x382b0000, 0x38739b28, 0x38739c00, 0x38cb0000)
    rw space 12288K,  54% used [0x38cb0000, 0x3933d0e8, 0x3933d200, 0x398b0000)
}
Event: 4.321 GC heap before
{Heap before GC invocations=16 (full 3):
 def new generation   total 27520K, used 27520K [0x242b0000, 0x26080000, 0x29800000)
  eden space 24512K, 100% used [0x242b0000, 0x25aa0000, 0x25aa0000)
  from space 3008K, 100% used [0x25aa0000, 0x25d90000, 0x25d90000)
  to   space 3008K,   0% used [0x25d90000, 0x25d90000, 0x26080000)
 tenured generation   total 60980K, used 53606K [0x29800000, 0x2d38d000, 0x342b0000)
   the space 60980K,  87% used [0x29800000, 0x2cc59bf0, 0x2cc59c00, 0x2d38d000)
 compacting perm gen  total 12288K, used 7849K [0x342b0000, 0x34eb0000, 0x382b0000)
   the space 12288K,  63% used [0x342b0000, 0x34a5a498, 0x34a5a600, 0x34eb0000)
    ro space 10240K,  45% used [0x382b0000, 0x38739b28, 0x38739c00, 0x38cb0000)
    rw space 12288K,  54% used [0x38cb0000, 0x3933d0e8, 0x3933d200, 0x398b0000)
Event: 4.329 GC heap after
Heap after GC invocations=17 (full 3):
 def new generation   total 27520K, used 3008K [0x242b0000, 0x26080000, 0x29800000)
  eden space 24512K,   0% used [0x242b0000, 0x242b0000, 0x25aa0000)
  from space 3008K, 100% used [0x25d90000, 0x26080000, 0x26080000)
  to   space 3008K,   0% used [0x25aa0000, 0x25aa0000, 0x25d90000)
 tenured generation   total 60980K, used 60488K [0x29800000, 0x2d38d000, 0x342b0000)
   the space 60980K,  99% used [0x29800000, 0x2d3121c0, 0x2d312200, 0x2d38d000)
 compacting perm gen  total 12288K, used 7849K [0x342b0000, 0x34eb0000, 0x382b0000)
   the space 12288K,  63% used [0x342b0000, 0x34a5a498, 0x34a5a600, 0x34eb0000)
    ro space 10240K,  45% used [0x382b0000, 0x38739b28, 0x38739c00, 0x38cb0000)
    rw space 12288K,  54% used [0x38cb0000, 0x3933d0e8, 0x3933d200, 0x398b0000)
}
Event: 4.905 GC heap before
{Heap before GC invocations=17 (full 3):
 def new generation   total 27520K, used 27520K [0x242b0000, 0x26080000, 0x29800000)
  eden space 24512K, 100% used [0x242b0000, 0x25aa0000, 0x25aa0000)
  from space 3008K, 100% used [0x25d90000, 0x26080000, 0x26080000)
  to   space 3008K,   0% used [0x25aa0000, 0x25aa0000, 0x25d90000)
 tenured generation   total 60980K, used 60488K [0x29800000, 0x2d38d000, 0x342b0000)
   the space 60980K,  99% used [0x29800000, 0x2d3121c0, 0x2d312200, 0x2d38d000)
 compacting perm gen  total 12288K, used 7869K [0x342b0000, 0x34eb0000, 0x382b0000)
   the space 12288K,  64% used [0x342b0000, 0x34a5f7d0, 0x34a5f800, 0x34eb0000)
    ro space 10240K,  45% used [0x382b0000, 0x38739b28, 0x38739c00, 0x38cb0000)
    rw space 12288K,  54% used [0x38cb0000, 0x3933d0e8, 0x3933d200, 0x398b0000)
Event: 4.949 GC heap after
Heap after GC invocations=18 (full 4):
 def new generation   total 51712K, used 0K [0x242b0000, 0x27ac0000, 0x29800000)
  eden space 46016K,   0% used [0x242b0000, 0x242b0000, 0x26fa0000)
  from space 5696K,   0% used [0x26fa0000, 0x26fa0000, 0x27530000)
  to   space 5696K,   0% used [0x27530000, 0x27530000, 0x27ac0000)
 tenured generation   total 114640K, used 68781K [0x29800000, 0x307f4000, 0x342b0000)
   the space 114640K,  59% used [0x29800000, 0x2db2b700, 0x2db2b800, 0x307f4000)
 compacting perm gen  total 12288K, used 7866K [0x342b0000, 0x34eb0000, 0x382b0000)
   the space 12288K,  64% used [0x342b0000, 0x34a5e908, 0x34a5ea00, 0x34eb0000)
    ro space 10240K,  45% used [0x382b0000, 0x38739b28, 0x38739c00, 0x38cb0000)
    rw space 12288K,  54% used [0x38cb0000, 0x3933d0e8, 0x3933d200, 0x398b0000)
}

